
=== Mon Feb 17 20:46:05 2020

Packages were changed.
Update Mode: mergeDefaultDependencies

The following packages were added:
  com.unity.analytics@3.3.2
  com.unity.purchasing@2.0.6
  com.unity.ads@2.0.8
  com.unity.package-manager-ui@2.2.0
  com.unity.ext.nunit@1.0.0
  com.unity.test-framework@1.0.13
  com.unity.ide.vscode@1.0.4
  com.unity.ide.visualstudio@1.0.10
  com.unity.ide.rider@1.0.4
  com.unity.ugui@1.0.0
  com.unity.modules.androidjni@1.0.0
The following packages were updated:
  com.unity.collab-proxy from version 1.2.9 to 1.2.16
  com.unity.textmeshpro from version 2.0.0 to 2.0.1
  com.unity.timeline from version 0.0.0-builtin to 1.1.0

=== Sat Feb 29 10:24:52 2020

Packages were changed.
Update Mode: updateDependencies

The following packages were updated:
  com.unity.analytics from version 3.3.2 to 3.3.5
  com.unity.ide.rider from version 1.0.4 to 1.1.4
  com.unity.ide.vscode from version 1.0.4 to 1.1.4
  com.unity.test-framework from version 1.0.13 to 1.1.11
  com.unity.timeline from version 1.1.0 to 1.2.12
The following packages were removed:
  com.unity.package-manager-ui@2.2.0

=== Sat Feb 29 13:00:26 2020

Packages were changed.
Update Mode: updateDependencies

The following packages were added:
  com.unity.2d.sprite@1.0.0
  com.unity.2d.tilemap@1.0.0
  com.unity.multiplayer-hlapi@1.0.4
  com.unity.xr.legacyinputhelpers@1.3.8

=== Sun Mar  8 10:16:55 2020

Packages were changed.
Update Mode: updateDependencies

The following packages were updated:
  com.unity.xr.legacyinputhelpers from version 1.3.8 to 1.3.11

=== Fri Apr 10 19:22:40 2020

Packages were changed.
Update Mode: updateDependencies

The following packages were updated:
  com.unity.test-framework from version 1.1.11 to 1.1.13

=== Fri Apr 17 20:06:44 2020

Packages were changed.
Update Mode: updateDependencies

The following packages were updated:
  com.unity.ads from version 2.0.8 to 3.4.4

=== Sat May  2 17:17:19 2020

Packages were changed.
Update Mode: updateDependencies

The following packages were updated:
  com.unity.ide.vscode from version 1.1.4 to 1.2.0
  com.unity.xr.legacyinputhelpers from version 1.3.11 to 2.1.3

=== Fri May 29 19:44:34 2020

Packages were changed.
Update Mode: updateDependencies

The following packages were updated:
  com.unity.ads from version 3.4.4 to 3.4.5
  com.unity.test-framework from version 1.1.13 to 1.1.14
  com.unity.xr.legacyinputhelpers from version 2.1.3 to 2.1.4

=== Sat Jun 13 19:56:14 2020

Packages were changed.
Update Mode: updateDependencies

The following packages were updated:
  com.unity.multiplayer-hlapi from version 1.0.4 to 1.0.6

=== Thu Jun 25 17:26:33 2020

Packages were changed.
Update Mode: updateDependencies

The following packages were updated:
  com.unity.ide.vscode from version 1.2.0 to 1.2.1

=== Tue Jul 14 19:33:12 2020

Packages were changed.
Update Mode: updateDependencies

The following packages were updated:
  com.unity.ads from version 3.4.5 to 3.4.7

=== Thu Aug 13 19:11:32 2020

Packages were changed.
Update Mode: updateDependencies

The following packages were updated:
  com.unity.test-framework from version 1.1.14 to 1.1.16

=== Mon Sep 14 17:43:22 2020

Packages were changed.
Update Mode: updateDependencies

The following packages were updated:
  com.unity.ads from version 3.4.7 to 3.4.9
  com.unity.purchasing from version 2.0.6 to 2.1.0

=== Fri Nov  6 21:57:22 2020

Packages were changed.
Update Mode: updateDependencies

The following packages were updated:
  com.unity.ide.vscode from version 1.2.1 to 1.2.2
  com.unity.purchasing from version 2.1.0 to 2.1.1
  com.unity.test-framework from version 1.1.16 to 1.1.18

=== Sat Nov 21 09:09:14 2020

Packages were changed.
Update Mode: updateDependencies

The following packages were updated:
  com.unity.ads from version 3.4.9 to 3.5.0

=== Wed Dec  2 17:42:35 2020

Packages were changed.
Update Mode: updateDependencies

The following packages were updated:
  com.unity.ide.vscode from version 1.2.2 to 1.2.3

=== Sat Dec 12 19:57:21 2020

Packages were changed.
Update Mode: updateDependencies

The following packages were updated:
  com.unity.ads from version 3.5.0 to 3.5.2
  com.unity.ext.nunit from version 1.0.0 to 1.0.5
  com.unity.test-framework from version 1.1.18 to 1.1.19
  com.unity.xr.legacyinputhelpers from version 2.1.4 to 2.1.6
